[2021-02-16T10:29:25.616] [ERROR] globalError - Cheese is too ripe!
[2021-02-16T10:29:25.617] [FATAL] globalError - Cheese was breeding ground for listeria.
[2021-02-16T10:32:45.127] [ERROR] globalError - Cheese is too ripe!
[2021-02-16T10:32:45.129] [FATAL] globalError - Cheese was breeding ground for listeria.
[2021-02-16T10:33:53.686] [ERROR] globalError - Cheese is too ripe!
[2021-02-16T10:33:53.688] [FATAL] globalError - Cheese was breeding ground for listeria.
[2021-02-16T10:34:06.380] [ERROR] globalError - Cheese is too ripe!
[2021-02-16T10:34:06.382] [FATAL] globalError - Cheese was breeding ground for listeria.
[2021-02-16T10:34:10.809] [ERROR] globalError - 自定义错误
[2021-02-16T10:45:55.718] [ERROR] globalError - Cheese is too ripe!
[2021-02-16T10:45:55.720] [FATAL] globalError - Cheese was breeding ground for listeria.
[2021-02-16T10:46:21.918] [ERROR] globalError - Cheese is too ripe!
[2021-02-16T10:46:21.920] [FATAL] globalError - Cheese was breeding ground for listeria.
[2021-02-16T10:50:03.450] [ERROR] globalError - Cheese is too ripe!
[2021-02-16T10:50:03.452] [FATAL] globalError - Cheese was breeding ground for listeria.
[2021-02-16T10:50:33.578] [ERROR] globalError - Cheese is too ripe!
[2021-02-16T10:50:33.579] [FATAL] globalError - Cheese was breeding ground for listeria.
[2021-02-16T11:05:56.428] [ERROR] globalError - Cheese is too ripe!
[2021-02-16T11:05:56.430] [FATAL] globalError - Cheese was breeding ground for listeria.
[2021-02-16T11:19:41.991] [ERROR] globalError - Cheese is too ripe!
[2021-02-16T11:19:41.992] [FATAL] globalError - Cheese was breeding ground for listeria.
[2021-02-16T11:20:57.832] [ERROR] globalError - Cheese is too ripe!
[2021-02-16T11:20:57.834] [FATAL] globalError - Cheese was breeding ground for listeria.
[2021-02-16T11:25:06.428] [ERROR] globalError - Cheese is too ripe!
[2021-02-16T11:25:06.429] [FATAL] globalError - Cheese was breeding ground for listeria.
[2021-02-16T11:26:55.686] [ERROR] globalError - Cheese is too ripe!
[2021-02-16T11:26:55.687] [FATAL] globalError - Cheese was breeding ground for listeria.
[2021-02-16T11:27:42.939] [ERROR] globalError - Cheese is too ripe!
[2021-02-16T11:27:42.940] [FATAL] globalError - Cheese was breeding ground for listeria.
[2021-02-16T11:30:11.930] [ERROR] globalError - Cheese is too ripe!
[2021-02-16T11:30:11.931] [FATAL] globalError - Cheese was breeding ground for listeria.
[2021-02-16T11:33:16.501] [ERROR] globalError - Cheese is too ripe!
[2021-02-16T11:33:16.503] [FATAL] globalError - Cheese was breeding ground for listeria.
[2021-02-16T13:03:38.898] [ERROR] globalError - Cheese is too ripe!
[2021-02-16T13:03:38.900] [FATAL] globalError - Cheese was breeding ground for listeria.
[2021-02-16T13:07:32.151] [ERROR] globalError - Cheese is too ripe!
[2021-02-16T13:07:32.152] [FATAL] globalError - Cheese was breeding ground for listeria.
[2021-02-16T13:13:23.984] [ERROR] globalError - Cheese is too ripe!
[2021-02-16T13:13:23.986] [FATAL] globalError - Cheese was breeding ground for listeria.
[2021-02-16T13:14:26.122] [ERROR] globalError - Cheese is too ripe!
[2021-02-16T13:14:26.125] [FATAL] globalError - Cheese was breeding ground for listeria.
[2021-02-16T13:14:56.394] [ERROR] globalError - Cheese is too ripe!
[2021-02-16T13:14:56.396] [FATAL] globalError - Cheese was breeding ground for listeria.
[2021-02-16T13:15:01.199] [ERROR] globalError - ENOENT: no such file or directory, open '/Users/jinxingxi/study/koa2-book-one/views/book/list.html'
[2021-02-16T13:15:02.172] [ERROR] globalError - ENOENT: no such file or directory, open '/Users/jinxingxi/study/koa2-book-one/views/book/list.html'
[2021-02-16T13:15:03.542] [ERROR] globalError - ENOENT: no such file or directory, open '/Users/jinxingxi/study/koa2-book-one/views/book/list.html'
[2021-02-16T13:16:01.051] [ERROR] globalError - Cheese is too ripe!
[2021-02-16T13:16:01.053] [FATAL] globalError - Cheese was breeding ground for listeria.
[2021-02-16T13:19:11.729] [ERROR] globalError - Cheese is too ripe!
[2021-02-16T13:19:11.731] [FATAL] globalError - Cheese was breeding ground for listeria.
[2021-02-16T13:23:10.012] [ERROR] globalError - Cheese is too ripe!
[2021-02-16T13:23:10.014] [FATAL] globalError - Cheese was breeding ground for listeria.
[2021-02-16T13:23:41.980] [ERROR] globalError - Cheese is too ripe!
[2021-02-16T13:23:41.982] [FATAL] globalError - Cheese was breeding ground for listeria.
[2021-02-16T13:23:45.069] [ERROR] globalError - Cheese is too ripe!
[2021-02-16T13:23:45.071] [FATAL] globalError - Cheese was breeding ground for listeria.
[2021-02-16T13:23:55.523] [ERROR] globalError - Cheese is too ripe!
[2021-02-16T13:23:55.525] [FATAL] globalError - Cheese was breeding ground for listeria.
[2021-02-16T13:24:18.959] [ERROR] globalError - Cheese is too ripe!
[2021-02-16T13:24:18.961] [FATAL] globalError - Cheese was breeding ground for listeria.
[2021-02-16T13:47:48.495] [ERROR] globalError - Cheese is too ripe!
[2021-02-16T13:47:48.496] [FATAL] globalError - Cheese was breeding ground for listeria.
[2021-02-16T14:35:25.327] [ERROR] globalError - Cheese is too ripe!
[2021-02-16T14:35:25.328] [FATAL] globalError - Cheese was breeding ground for listeria.
[2021-02-16T14:44:54.301] [ERROR] globalError - Cheese is too ripe!
[2021-02-16T14:44:54.302] [FATAL] globalError - Cheese was breeding ground for listeria.
[2021-02-16T14:45:21.928] [ERROR] globalError - Cheese is too ripe!
[2021-02-16T14:45:21.930] [FATAL] globalError - Cheese was breeding ground for listeria.
[2021-02-16T14:45:39.261] [ERROR] globalError - Cheese is too ripe!
[2021-02-16T14:45:39.263] [FATAL] globalError - Cheese was breeding ground for listeria.
[2021-02-16T16:24:26.513] [ERROR] globalError - Cheese is too ripe!
[2021-02-16T16:24:26.515] [FATAL] globalError - Cheese was breeding ground for listeria.
[2021-02-16T16:37:09.172] [ERROR] globalError - Cheese is too ripe!
[2021-02-16T16:37:09.173] [FATAL] globalError - Cheese was breeding ground for listeria.
[2021-02-16T16:37:34.273] [ERROR] globalError - Cheese is too ripe!
[2021-02-16T16:37:34.275] [FATAL] globalError - Cheese was breeding ground for listeria.
[2021-02-16T16:40:16.930] [ERROR] globalError - Cheese is too ripe!
[2021-02-16T16:40:16.932] [FATAL] globalError - Cheese was breeding ground for listeria.
[2021-02-16T16:41:01.094] [ERROR] globalError - Cheese is too ripe!
[2021-02-16T16:41:01.095] [FATAL] globalError - Cheese was breeding ground for listeria.
[2021-02-16T16:41:48.893] [ERROR] globalError - Cheese is too ripe!
[2021-02-16T16:41:48.895] [FATAL] globalError - Cheese was breeding ground for listeria.
[2021-02-16T16:44:24.906] [ERROR] globalError - Cheese is too ripe!
[2021-02-16T16:44:24.907] [FATAL] globalError - Cheese was breeding ground for listeria.
[2021-02-16T16:47:52.556] [ERROR] globalError - Cheese is too ripe!
[2021-02-16T16:47:52.558] [FATAL] globalError - Cheese was breeding ground for listeria.
[2021-02-16T16:48:29.973] [ERROR] globalError - Cheese is too ripe!
[2021-02-16T16:48:29.975] [FATAL] globalError - Cheese was breeding ground for listeria.
[2021-02-16T16:58:39.975] [ERROR] globalError - Cheese is too ripe!
[2021-02-16T16:58:39.976] [FATAL] globalError - Cheese was breeding ground for listeria.
[2021-02-16T16:59:09.914] [ERROR] globalError - Cheese is too ripe!
[2021-02-16T16:59:09.915] [FATAL] globalError - Cheese was breeding ground for listeria.
[2021-02-16T17:10:35.302] [ERROR] globalError - Cheese is too ripe!
[2021-02-16T17:10:35.304] [FATAL] globalError - Cheese was breeding ground for listeria.
[2021-02-16T17:11:04.758] [ERROR] globalError - Cheese is too ripe!
[2021-02-16T17:11:04.760] [FATAL] globalError - Cheese was breeding ground for listeria.
[2021-02-16T17:20:31.016] [ERROR] globalError - Cheese is too ripe!
[2021-02-16T17:20:31.018] [FATAL] globalError - Cheese was breeding ground for listeria.
[2021-02-16T17:21:05.354] [ERROR] globalError - Cheese is too ripe!
[2021-02-16T17:21:05.356] [FATAL] globalError - Cheese was breeding ground for listeria.
[2021-02-16T17:21:32.064] [ERROR] globalError - Cheese is too ripe!
[2021-02-16T17:21:32.065] [FATAL] globalError - Cheese was breeding ground for listeria.
[2021-02-16T17:22:26.923] [ERROR] globalError - Cheese is too ripe!
[2021-02-16T17:22:26.925] [FATAL] globalError - Cheese was breeding ground for listeria.
[2021-02-16T17:26:09.634] [ERROR] globalError - Cheese is too ripe!
[2021-02-16T17:26:09.635] [FATAL] globalError - Cheese was breeding ground for listeria.
[2021-02-27T12:21:37.790] [ERROR] globalError - Cheese is too ripe!
[2021-02-27T12:21:37.792] [FATAL] globalError - Cheese was breeding ground for listeria.
[2021-03-01T19:03:41.270] [ERROR] globalError - Cheese is too ripe!
[2021-03-01T19:03:41.271] [FATAL] globalError - Cheese was breeding ground for listeria.
[2021-03-01T19:08:17.305] [ERROR] globalError - Cheese is too ripe!
[2021-03-01T19:08:17.307] [FATAL] globalError - Cheese was breeding ground for listeria.
[2021-03-01T19:18:12.902] [ERROR] globalError - Cheese is too ripe!
[2021-03-01T19:18:12.904] [FATAL] globalError - Cheese was breeding ground for listeria.
[2021-03-01T19:24:26.971] [ERROR] globalError - Cheese is too ripe!
[2021-03-01T19:24:26.972] [FATAL] globalError - Cheese was breeding ground for listeria.
[2021-03-01T19:43:16.895] [ERROR] globalError - Cheese is too ripe!
[2021-03-01T19:43:16.897] [FATAL] globalError - Cheese was breeding ground for listeria.
[2021-03-01T19:44:07.492] [ERROR] globalError - Cheese is too ripe!
[2021-03-01T19:44:07.494] [FATAL] globalError - Cheese was breeding ground for listeria.
[2021-03-01T19:44:46.118] [ERROR] globalError - Cheese is too ripe!
[2021-03-01T19:44:46.120] [FATAL] globalError - Cheese was breeding ground for listeria.
[2021-03-01T19:45:07.729] [ERROR] globalError - Cheese is too ripe!
[2021-03-01T19:45:07.731] [FATAL] globalError - Cheese was breeding ground for listeria.
[2021-03-01T19:45:13.883] [ERROR] globalError - Cheese is too ripe!
[2021-03-01T19:45:13.884] [FATAL] globalError - Cheese was breeding ground for listeria.
[2021-03-01T19:48:18.284] [ERROR] globalError - Cheese is too ripe!
[2021-03-01T19:48:18.285] [FATAL] globalError - Cheese was breeding ground for listeria.
[2021-03-01T19:48:22.205] [ERROR] globalError - Cheese is too ripe!
[2021-03-01T19:48:22.206] [FATAL] globalError - Cheese was breeding ground for listeria.
[2021-03-01T19:58:56.802] [ERROR] globalError - Cheese is too ripe!
[2021-03-01T19:58:56.803] [FATAL] globalError - Cheese was breeding ground for listeria.
[2021-03-01T20:00:52.077] [ERROR] globalError - Cheese is too ripe!
[2021-03-01T20:00:52.080] [FATAL] globalError - Cheese was breeding ground for listeria.
[2021-03-01T20:08:03.343] [ERROR] globalError - Cheese is too ripe!
[2021-03-01T20:08:03.344] [FATAL] globalError - Cheese was breeding ground for listeria.
[2021-03-01T20:14:19.226] [ERROR] globalError - Cheese is too ripe!
[2021-03-01T20:14:19.228] [FATAL] globalError - Cheese was breeding ground for listeria.
[2021-03-01T20:14:57.476] [ERROR] globalError - Cheese is too ripe!
[2021-03-01T20:14:57.477] [FATAL] globalError - Cheese was breeding ground for listeria.
[2021-03-01T20:15:16.084] [ERROR] globalError - Cheese is too ripe!
[2021-03-01T20:15:16.088] [FATAL] globalError - Cheese was breeding ground for listeria.
[2021-03-01T20:16:34.742] [ERROR] globalError - Cheese is too ripe!
[2021-03-01T20:16:34.743] [FATAL] globalError - Cheese was breeding ground for listeria.
[2021-03-01T20:16:49.132] [ERROR] globalError - Cheese is too ripe!
[2021-03-01T20:16:49.133] [FATAL] globalError - Cheese was breeding ground for listeria.
[2021-03-01T20:17:43.107] [ERROR] globalError - Cheese is too ripe!
[2021-03-01T20:17:43.109] [FATAL] globalError - Cheese was breeding ground for listeria.
[2021-03-01T20:20:16.260] [ERROR] globalError - Cheese is too ripe!
[2021-03-01T20:20:16.262] [FATAL] globalError - Cheese was breeding ground for listeria.
[2021-03-01T20:20:22.026] [ERROR] globalError - Cheese is too ripe!
[2021-03-01T20:20:22.028] [FATAL] globalError - Cheese was breeding ground for listeria.
[2021-03-01T20:21:53.482] [ERROR] globalError - Cheese is too ripe!
[2021-03-01T20:21:53.483] [FATAL] globalError - Cheese was breeding ground for listeria.
[2021-03-01T20:22:06.746] [ERROR] globalError - Cheese is too ripe!
[2021-03-01T20:22:06.748] [FATAL] globalError - Cheese was breeding ground for listeria.
[2021-03-01T20:25:31.235] [ERROR] globalError - Cheese is too ripe!
[2021-03-01T20:25:31.237] [FATAL] globalError - Cheese was breeding ground for listeria.
[2021-03-01T20:25:56.450] [ERROR] globalError - Cheese is too ripe!
[2021-03-01T20:25:56.451] [FATAL] globalError - Cheese was breeding ground for listeria.
[2021-03-01T20:27:49.866] [ERROR] globalError - Cheese is too ripe!
[2021-03-01T20:27:49.868] [FATAL] globalError - Cheese was breeding ground for listeria.
[2021-03-01T20:33:17.419] [ERROR] globalError - Cheese is too ripe!
[2021-03-01T20:33:17.420] [FATAL] globalError - Cheese was breeding ground for listeria.
[2021-03-01T20:33:54.235] [ERROR] globalError - Cheese is too ripe!
[2021-03-01T20:33:54.237] [FATAL] globalError - Cheese was breeding ground for listeria.
[2021-03-01T20:52:30.548] [ERROR] globalError - Cheese is too ripe!
[2021-03-01T20:52:30.549] [FATAL] globalError - Cheese was breeding ground for listeria.
[2021-03-01T20:55:04.845] [ERROR] globalError - Cheese is too ripe!
[2021-03-01T20:55:04.847] [FATAL] globalError - Cheese was breeding ground for listeria.
[2021-03-01T20:55:32.977] [ERROR] globalError - Cheese is too ripe!
[2021-03-01T20:55:32.979] [FATAL] globalError - Cheese was breeding ground for listeria.
[2021-03-01T20:56:14.462] [ERROR] globalError - Cheese is too ripe!
[2021-03-01T20:56:14.464] [FATAL] globalError - Cheese was breeding ground for listeria.
[2021-03-01T20:59:03.883] [ERROR] globalError - Cheese is too ripe!
[2021-03-01T20:59:03.885] [FATAL] globalError - Cheese was breeding ground for listeria.
[2021-03-01T21:03:03.509] [ERROR] globalError - Cheese is too ripe!
[2021-03-01T21:03:03.510] [FATAL] globalError - Cheese was breeding ground for listeria.
[2021-03-01T21:13:58.444] [ERROR] globalError - Cheese is too ripe!
[2021-03-01T21:13:58.445] [FATAL] globalError - Cheese was breeding ground for listeria.
[2021-03-01T21:14:05.375] [ERROR] globalError - Cheese is too ripe!
[2021-03-01T21:14:05.377] [FATAL] globalError - Cheese was breeding ground for listeria.
[2021-03-01T21:17:26.354] [ERROR] globalError - Cheese is too ripe!
[2021-03-01T21:17:26.356] [FATAL] globalError - Cheese was breeding ground for listeria.
[2021-03-01T21:17:31.258] [ERROR] globalError - Cheese is too ripe!
[2021-03-01T21:17:31.259] [FATAL] globalError - Cheese was breeding ground for listeria.
[2021-03-01T21:19:19.795] [ERROR] globalError - Cheese is too ripe!
[2021-03-01T21:19:19.797] [FATAL] globalError - Cheese was breeding ground for listeria.
[2021-03-07T13:58:30.790] [ERROR] globalError - Cheese is too ripe!
[2021-03-07T13:58:30.792] [FATAL] globalError - Cheese was breeding ground for listeria.
[2021-03-07T13:58:36.590] [ERROR] globalError - ENOENT: no such file or directory, open '/Users/jinxingxi/study/koa2-book-one/web/views/books/pages/create.html'
[2021-03-07T13:58:40.025] [ERROR] globalError - ENOENT: no such file or directory, open '/Users/jinxingxi/study/koa2-book-one/web/views/index.html'
[2021-03-07T13:58:46.452] [ERROR] globalError - ENOENT: no such file or directory, open '/Users/jinxingxi/study/koa2-book-one/web/views/books/list.html'
[2021-03-07T13:59:01.073] [ERROR] globalError - ENOENT: no such file or directory, open '/Users/jinxingxi/study/koa2-book-one/web/views/books/pages/create.html'
[2021-03-07T13:59:16.831] [ERROR] globalError - ENOENT: no such file or directory, open '/Users/jinxingxi/study/koa2-book-one/web/views/books/pages/create.html'
[2021-03-07T13:59:17.510] [ERROR] globalError - ENOENT: no such file or directory, open '/Users/jinxingxi/study/koa2-book-one/web/views/books/pages/create.html'
[2021-03-07T13:59:18.101] [ERROR] globalError - ENOENT: no such file or directory, open '/Users/jinxingxi/study/koa2-book-one/web/views/books/pages/create.html'
[2021-03-07T13:59:18.421] [ERROR] globalError - ENOENT: no such file or directory, open '/Users/jinxingxi/study/koa2-book-one/web/views/books/pages/create.html'
[2021-03-07T13:59:18.580] [ERROR] globalError - ENOENT: no such file or directory, open '/Users/jinxingxi/study/koa2-book-one/web/views/books/pages/create.html'
[2021-03-07T13:59:18.729] [ERROR] globalError - ENOENT: no such file or directory, open '/Users/jinxingxi/study/koa2-book-one/web/views/books/pages/create.html'
[2021-03-07T14:01:18.607] [ERROR] globalError - Cheese is too ripe!
[2021-03-07T14:01:18.609] [FATAL] globalError - Cheese was breeding ground for listeria.
[2021-03-07T14:01:25.424] [ERROR] globalError - ENOENT: no such file or directory, open '/Users/jinxingxi/study/koa2-book-one/web/views/index.html'
[2021-03-07T14:01:36.897] [ERROR] globalError - ENOENT: no such file or directory, open '/Users/jinxingxi/study/koa2-book-one/web/views/books/pages/create.html'
[2021-03-07T14:01:39.808] [ERROR] globalError - ENOENT: no such file or directory, open '/Users/jinxingxi/study/koa2-book-one/web/views/books/pages/create.html'
[2021-03-07T14:01:40.341] [ERROR] globalError - ENOENT: no such file or directory, open '/Users/jinxingxi/study/koa2-book-one/web/views/books/pages/create.html'
[2021-03-07T14:01:40.624] [ERROR] globalError - ENOENT: no such file or directory, open '/Users/jinxingxi/study/koa2-book-one/web/views/books/pages/create.html'
[2021-03-07T14:01:40.793] [ERROR] globalError - ENOENT: no such file or directory, open '/Users/jinxingxi/study/koa2-book-one/web/views/books/pages/create.html'
[2021-03-07T14:01:40.966] [ERROR] globalError - ENOENT: no such file or directory, open '/Users/jinxingxi/study/koa2-book-one/web/views/books/pages/create.html'
[2021-03-07T14:01:41.104] [ERROR] globalError - ENOENT: no such file or directory, open '/Users/jinxingxi/study/koa2-book-one/web/views/books/pages/create.html'
[2021-03-07T14:01:41.246] [ERROR] globalError - ENOENT: no such file or directory, open '/Users/jinxingxi/study/koa2-book-one/web/views/books/pages/create.html'
[2021-03-07T14:01:41.396] [ERROR] globalError - ENOENT: no such file or directory, open '/Users/jinxingxi/study/koa2-book-one/web/views/books/pages/create.html'
[2021-03-07T14:01:41.536] [ERROR] globalError - ENOENT: no such file or directory, open '/Users/jinxingxi/study/koa2-book-one/web/views/books/pages/create.html'
[2021-03-07T14:01:41.675] [ERROR] globalError - ENOENT: no such file or directory, open '/Users/jinxingxi/study/koa2-book-one/web/views/books/pages/create.html'
[2021-03-07T14:01:41.815] [ERROR] globalError - ENOENT: no such file or directory, open '/Users/jinxingxi/study/koa2-book-one/web/views/books/pages/create.html'
[2021-03-07T14:01:41.953] [ERROR] globalError - ENOENT: no such file or directory, open '/Users/jinxingxi/study/koa2-book-one/web/views/books/pages/create.html'
[2021-03-07T14:01:42.078] [ERROR] globalError - ENOENT: no such file or directory, open '/Users/jinxingxi/study/koa2-book-one/web/views/books/pages/create.html'
[2021-03-07T14:01:42.219] [ERROR] globalError - ENOENT: no such file or directory, open '/Users/jinxingxi/study/koa2-book-one/web/views/books/pages/create.html'
[2021-03-07T14:01:42.354] [ERROR] globalError - ENOENT: no such file or directory, open '/Users/jinxingxi/study/koa2-book-one/web/views/books/pages/create.html'
[2021-03-07T14:01:42.486] [ERROR] globalError - ENOENT: no such file or directory, open '/Users/jinxingxi/study/koa2-book-one/web/views/books/pages/create.html'
[2021-03-07T14:03:43.148] [ERROR] globalError - Cheese is too ripe!
[2021-03-07T14:03:43.150] [FATAL] globalError - Cheese was breeding ground for listeria.
[2021-03-07T14:03:47.181] [ERROR] globalError - ENOENT: no such file or directory, open '/Users/jinxingxi/study/koa2-book-one/web/views/books/pages/create.html'
[2021-03-07T14:03:47.892] [ERROR] globalError - ENOENT: no such file or directory, open '/Users/jinxingxi/study/koa2-book-one/web/views/books/pages/create.html'
[2021-03-07T14:03:48.257] [ERROR] globalError - ENOENT: no such file or directory, open '/Users/jinxingxi/study/koa2-book-one/web/views/books/pages/create.html'
[2021-03-07T14:03:48.446] [ERROR] globalError - ENOENT: no such file or directory, open '/Users/jinxingxi/study/koa2-book-one/web/views/books/pages/create.html'
[2021-03-07T14:03:48.661] [ERROR] globalError - ENOENT: no such file or directory, open '/Users/jinxingxi/study/koa2-book-one/web/views/books/pages/create.html'
[2021-03-07T14:03:53.472] [ERROR] globalError - ENOENT: no such file or directory, open '/Users/jinxingxi/study/koa2-book-one/web/views/books/pages/create.html'
[2021-03-07T14:04:44.932] [ERROR] globalError - Cheese is too ripe!
[2021-03-07T14:04:44.934] [FATAL] globalError - Cheese was breeding ground for listeria.
[2021-03-07T14:07:22.040] [ERROR] globalError - Cheese is too ripe!
[2021-03-07T14:07:22.042] [FATAL] globalError - Cheese was breeding ground for listeria.
[2021-03-07T14:07:54.780] [ERROR] globalError - Cheese is too ripe!
[2021-03-07T14:07:54.782] [FATAL] globalError - Cheese was breeding ground for listeria.
[2021-03-07T14:08:27.383] [ERROR] globalError - Cheese is too ripe!
[2021-03-07T14:08:27.385] [FATAL] globalError - Cheese was breeding ground for listeria.
[2021-03-07T14:08:43.207] [ERROR] globalError - Cheese is too ripe!
[2021-03-07T14:08:43.209] [FATAL] globalError - Cheese was breeding ground for listeria.
[2021-03-07T14:08:47.856] [ERROR] globalError - ENOENT: no such file or directory, open '/Users/jinxingxi/study/koa2-book-one/web/views/books/pages/create.html'
[2021-03-07T14:08:48.519] [ERROR] globalError - ENOENT: no such file or directory, open '/Users/jinxingxi/study/koa2-book-one/web/views/books/pages/create.html'
[2021-03-07T14:08:48.856] [ERROR] globalError - ENOENT: no such file or directory, open '/Users/jinxingxi/study/koa2-book-one/web/views/books/pages/create.html'
[2021-03-07T14:08:49.043] [ERROR] globalError - ENOENT: no such file or directory, open '/Users/jinxingxi/study/koa2-book-one/web/views/books/pages/create.html'
[2021-03-07T14:08:49.221] [ERROR] globalError - ENOENT: no such file or directory, open '/Users/jinxingxi/study/koa2-book-one/web/views/books/pages/create.html'
[2021-03-07T14:08:49.397] [ERROR] globalError - ENOENT: no such file or directory, open '/Users/jinxingxi/study/koa2-book-one/web/views/books/pages/create.html'
[2021-03-07T14:08:55.843] [ERROR] globalError - ENOENT: no such file or directory, open '/Users/jinxingxi/study/koa2-book-one/web/views/books/list.html'
